<?xml version="1.0" encoding="UTF-8"?>
<!-- Generated by org.testng.reporters.JUnitXMLReporter -->
<testsuite ignored="0" hostname="DESKTOP-CST3LUL" failures="0" tests="2" name="EdgeTest" time="1.084" errors="0" timestamp="2024-12-19T21:15:38 IST">
  <testcase classname="testClasses.ManageUsersPageTestClass" name="verifyTheManageUsersPageIsOpenWhileClickingOnUsers" time="0.002">
    <skipped/>
  </testcase> <!-- verifyTheManageUsersPageIsOpenWhileClickingOnUsers -->
  <testcase classname="testClasses.ManageUsersPageTestClass" name="verifyToAdd_aNewUser" time="0.0">
    <skipped/>
  </testcase> <!-- verifyToAdd_aNewUser -->
</testsuite> <!-- EdgeTest -->
