<?xml version="1.0" encoding="UTF-8"?>
<!-- Generated by org.testng.reporters.JUnitXMLReporter -->
<testsuite ignored="4" hostname="DESKTOP-CST3LUL" failures="0" tests="1" name="Default test" time="17.234" errors="0" timestamp="2024-12-18T20:13:16 IST">
  <testcase classname="testClasses.LoginPageTestClass" name="verifySuccessfullLogin" time="5.205"/>
  <testcase classname="testClasses.LoginPageTestClass" name="verifyResetPasswordPageComingWhileChickingOnForgotYourPassword" time="0.0">
    <ignored/>
  </testcase> <!-- verifyResetPasswordPageComingWhileChickingOnForgotYourPassword -->
  <testcase classname="testClasses.LoginPageTestClass" name="verifyTheExactURL_OpensWhileHittingTheBaseURL" time="0.0">
    <ignored/>
  </testcase> <!-- verifyTheExactURL_OpensWhileHittingTheBaseURL -->
  <testcase classname="testClasses.LoginPageTestClass" name="verifyUnsuccessfulLoginOfTheSite" time="0.0">
    <ignored/>
  </testcase> <!-- verifyUnsuccessfulLoginOfTheSite -->
  <testcase classname="testClasses.LoginPageTestClass" name="verifyTheRememberMeCheckboxIsSelectedByDefault" time="0.0">
    <ignored/>
  </testcase> <!-- verifyTheRememberMeCheckboxIsSelectedByDefault -->
</testsuite> <!-- Default test -->
